<?xml version="1.0" encoding="UTF-8"?>
<!-- Generated by org.testng.reporters.JUnitReportReporter -->
<testsuite skipped="0" hostname="EKA-BLR-L0468" name="sportstak.SportsTakTest" tests="1" failures="0" timestamp="2022-07-06T22:17:01 IST" time="2.065" errors="0">
  <testcase name="changeTheme_Test1" time="2.065" classname="sportstak.SportsTakTest"/>
  <system-out>
Executing Method : mouseHoverJScript Executing Method : click  </system-out>
</testsuite> <!-- sportstak.SportsTakTest -->
