<?xml version="1.0" encoding="UTF-8"?>
<!-- Generated by org.testng.reporters.JUnitReportReporter -->
<testsuite skipped="0" hostname="EKA-BLR-L0468" name="sportstak.BrokenLinksTest" tests="1" failures="0" timestamp="2022-07-06T15:55:39 IST" time="12.169" errors="0">
  <testcase name="verifyBrokenLinksBuzz_Test" time="12.169" classname="sportstak.BrokenLinksTest"/>
  <system-out>
Executing Method : mouseHoverJScript Executing Method : click Executing Method : click *Internal call* Couldn't verify element's clickability. Following exception occurred: org.openqa.selenium.WebDriverException: unknown error: cannot determine loading status
from unknown error: unexpected command response
  (Session info: chrome=103.0.5060.114)
Build info: version: '3.141.59', revision: 'e82be7d358', time: '2018-11-14T08:17:03'
System info: host: 'EKA-BLR-L0468', ip: '192.168.0.104', os.name: 'Windows 10', os.arch: 'amd64', os.version: '10.0', java.version: '1.8.0_111'
Driver info: org.openqa.selenium.chrome.ChromeDriver
Capabilities {acceptInsecureCerts: false, browserName: chrome, browserVersion: 103.0.5060.114, chrome: {chromedriverVersion: 103.0.5060.53 (a1711811edd7..., userDataDir: C:\Users\SUNNY~1.KUM\AppDat...}, goog:chromeOptions: {debuggerAddress: localhost:52006}, javascriptEnabled: true, networkConnectionEnabled: false, pageLoadStrategy: normal, platform: WINDOWS, platformName: WINDOWS, proxy: Proxy(), setWindowRect: true, strictFileInteractability: false, timeouts: {implicit: 0, pageLoad: 300000, script: 30000}, unhandledPromptBehavior: dismiss and notify, webauthn:extension:credBlob: true, webauthn:extension:largeBlob: true, webauthn:virtualAuthenticators: true}
Session ID: 2bcb0017a4390c9429ce32611f0eedda  </system-out>
</testsuite> <!-- sportstak.BrokenLinksTest -->
